1622645472151:rsc --debug --request --data "{\\"message\\":\\"Hello\\"}" --route request-response --stacktrace tcp:localhost:7888
1622645524632:request-response
1622645575793:exit
1622645593571:request-response
1622645624438:requestResponse
1622645631643:rsc request-response
1622645646115:request-response --stacktrace
1622645706983:exit
1622645769910:request-response --stacktrace
1622645819054:request-response
1622645951260:request-response --stacktrace
1622646464196:request-response
1622647128020:exit
1622647139807:request-response
1622647446400:exit
1622647473539:request-response
1622647734228:exit
1622647759269:request-response
1622647803353:exit
1622647832072:request-response
1622706080768:fire-request
1622706216356:request-response
1622706229359:fire-request
1622715841474:stream-of-messages
1622716065466:request-stream
1622716077020:stream-of-messages
1622717003386:stop-stream
1622717672243:exit
1622719150694:pull-and-fetch-stream-of-messages
1622719270826:stop-stream
1622719273029:exit
1622719307321:pull-and-fetch-stream-of-messages
1622736463934:stop-stream
1622830381729:request-response
1622830753454:login("kishore","password123")
1622831335352:login -username kishore -password password123
1622831346067:login
1622831361006:login --username kishore --password password123
1622832378237:login --username "kishore" --password "password123"
1622832699119:stop-stream
1622832712467:login --username kishore --password password123
1622832719381:stop-stream
1622832723959:request-response
1622833111746:login --username kishore --password password123
1622833166624:stop-stream
1622833251655:request-response
1622833281206:fire-and-forget
1622833287743:request-stream
1622833293646:stream-stream
1622833314481:fire-request
1622833333754:stream-of-messages
1622833345741:stop-stream
1622833372820:logout
1622833379186:request-response
1622833399231:login --username kishore --password password123
1622833406166:request-response
1622833411598:stream-of-messages
1622833416997:stop-stream
